[INFO] Scanning for projects...
[INFO] 
[INFO] --------------------------< com.app:eggland >---------------------------
[INFO] Building  0.0.1-SNAPSHOT
[INFO]   from pom.xml
[INFO] --------------------------------[ jar ]---------------------------------
[INFO] 
[INFO] >>> spring-boot:4.1.0:run (default-cli) > test-compile @ eggland >>>
[WARNING] The artifact com.itextpdf:itext7-core:pom:8.0.2 has been relocated to com.itextpdf:itext-core:pom:8.0.2
[INFO] 
[INFO] --- resources:3.5.0:resources (default-resources) @ eggland ---
[INFO] Copying 1 resource from src\main\resources to target\classes
[INFO] Copying 90 resources from src\main\resources to target\classes
[INFO] 
[INFO] --- compiler:3.15.0:compile (default-compile) @ eggland ---
[INFO] Nothing to compile - all classes are up to date.
[INFO] 
[INFO] --- resources:3.5.0:testResources (default-testResources) @ eggland ---
[INFO] Copying 1 resource from src\test\resources to target\test-classes
[INFO] 
[INFO] --- compiler:3.15.0:testCompile (default-testCompile) @ eggland ---
[INFO] Nothing to compile - all classes are up to date.
[INFO] 
[INFO] <<< spring-boot:4.1.0:run (default-cli) < test-compile @ eggland <<<
[INFO] 
[INFO] 
[INFO] --- spring-boot:4.1.0:run (default-cli) @ eggland ---
[INFO] Attaching agents: []

  .   ____          _            __ _ _
 /\\ / ___'_ __ _ _(_)_ __  __ _ \ \ \ \
( ( )\___ | '_ | '_| | '_ \/ _` | \ \ \ \
 \\/  ___)| |_)| | | | | || (_| |  ) ) ) )
  '  |____| .__|_| |_|_| |_\__, | / / / /
 =========|_|==============|___/=/_/_/_/

 :: Spring Boot ::                (v4.1.0)

2026-07-03T13:57:30.333+03:00  INFO 15508 --- [eggland] [  restartedMain] com.app.eggland.EgglandApplication       : Starting EgglandApplication using Java 21.0.6 with PID 15508 (E:\S4\Projet Mme Baovolo\tena izy\EggLand\eggland\target\classes started by mande in E:\S4\Projet Mme Baovolo\tena izy\EggLand\eggland)
2026-07-03T13:57:30.333+03:00  INFO 15508 --- [eggland] [  restartedMain] com.app.eggland.EgglandApplication       : No active profile set, falling back to 1 default profile: "default"
2026-07-03T13:57:30.579+03:00  INFO 15508 --- [eggland] [  restartedMain] .e.DevToolsPropertyDefaultsPostProcessor : Devtools property defaults active! Set 'spring.devtools.add-properties' to 'false' to disable
2026-07-03T13:57:30.579+03:00  INFO 15508 --- [eggland] [  restartedMain] .e.DevToolsPropertyDefaultsPostProcessor : For additional web related logging consider setting the 'logging.level.web' property to 'DEBUG'
2026-07-03T13:57:31.267+03:00  INFO 15508 --- [eggland] [  restartedMain] .s.d.r.c.RepositoryConfigurationDelegate : Bootstrapping Spring Data JPA repositories in DEFAULT mode.
2026-07-03T13:57:31.384+03:00  INFO 15508 --- [eggland] [  restartedMain] .s.d.r.c.RepositoryConfigurationDelegate : Finished Spring Data repository scanning in 107 ms. Found 30 JPA repository interfaces.
2026-07-03T13:57:31.935+03:00  INFO 15508 --- [eggland] [  restartedMain] o.s.boot.tomcat.TomcatWebServer          : Tomcat initialized with port 1404 (http)
2026-07-03T13:57:31.948+03:00  INFO 15508 --- [eggland] [  restartedMain] o.apache.catalina.core.StandardService   : Starting service [Tomcat]
2026-07-03T13:57:31.952+03:00  INFO 15508 --- [eggland] [  restartedMain] o.apache.catalina.core.StandardEngine    : Starting Servlet engine: [Apache Tomcat/11.0.22]
2026-07-03T13:57:31.999+03:00  INFO 15508 --- [eggland] [  restartedMain] b.w.c.s.WebApplicationContextInitializer : Root WebApplicationContext: initialization completed in 1418 ms
2026-07-03T13:57:32.179+03:00  INFO 15508 --- [eggland] [  restartedMain] org.hibernate.orm.jpa                    : HHH008540: Processing PersistenceUnitInfo [name: default]
2026-07-03T13:57:32.228+03:00  INFO 15508 --- [eggland] [  restartedMain] org.hibernate.orm.core                   : HHH000001: Hibernate ORM core version 7.4.1.Final
2026-07-03T13:57:32.633+03:00  INFO 15508 --- [eggland] [  restartedMain] o.s.o.j.p.SpringPersistenceUnitInfo      : No LoadTimeWeaver setup: ignoring JPA class transformer
2026-07-03T13:57:32.666+03:00  INFO 15508 --- [eggland] [  restartedMain] com.zaxxer.hikari.HikariDataSource       : HikariPool-1 - Starting...
2026-07-03T13:57:32.846+03:00  INFO 15508 --- [eggland] [  restartedMain] com.zaxxer.hikari.pool.HikariPool        : HikariPool-1 - Added connection org.postgresql.jdbc.PgConnection@6eaf8b7f
2026-07-03T13:57:32.846+03:00  INFO 15508 --- [eggland] [  restartedMain] com.zaxxer.hikari.HikariDataSource       : HikariPool-1 - Start completed.
2026-07-03T13:57:32.918+03:00  INFO 15508 --- [eggland] [  restartedMain] org.hibernate.orm.connections.pooling    : HHH10001005: Database info:
	Database JDBC URL [jdbc:postgresql://localhost:5432/eggland_db]
	Database driver: PostgreSQL JDBC Driver
	Database dialect: PostgreSQLDialect
	Database version: 17.9
	Default catalog/schema: eggland_db/public
	Autocommit mode: undefined/unknown
	Isolation level: READ_COMMITTED [default READ_COMMITTED]
	JDBC fetch size: none
	Pool: DataSourceConnectionProvider
	Minimum pool size: undefined/unknown
	Maximum pool size: undefined/unknown
2026-07-03T13:57:34.383+03:00  INFO 15508 --- [eggland] [  restartedMain] org.hibernate.orm.core                   : HHH000489: No JTA platform available (set 'hibernate.transaction.jta.platform' to enable JTA platform integration)
2026-07-03T13:57:34.485+03:00  INFO 15508 --- [eggland] [  restartedMain] j.LocalContainerEntityManagerFactoryBean : Initialized JPA EntityManagerFactory for persistence unit 'default'
2026-07-03T13:57:34.559+03:00  INFO 15508 --- [eggland] [  restartedMain] o.s.d.j.r.query.QueryEnhancerFactories   : Hibernate is in classpath; If applicable, HQL parser will be used.
2026-07-03T13:57:36.314+03:00  WARN 15508 --- [eggland] [  restartedMain] JpaBaseConfiguration$JpaWebConfiguration : spring.jpa.open-in-view is enabled by default. Therefore, database queries may be performed during view rendering. Explicitly configure spring.jpa.open-in-view to disable this warning
2026-07-03T13:57:36.393+03:00  INFO 15508 --- [eggland] [  restartedMain] r$InitializeUserDetailsManagerConfigurer : Global AuthenticationManager configured with UserDetailsService bean with name userDetailsServiceImpl
2026-07-03T13:57:36.998+03:00  INFO 15508 --- [eggland] [  restartedMain] o.s.boot.tomcat.TomcatWebServer          : Tomcat started on port 1404 (http) with context path '/'
2026-07-03T13:57:37.004+03:00  INFO 15508 --- [eggland] [  restartedMain] com.app.eggland.EgglandApplication       : Started EgglandApplication in 7.175 seconds (process running for 7.84)
[INFO] ------------------------------------------------------------------------
[INFO] BUILD FAILURE
[INFO] ------------------------------------------------------------------------
[INFO] Total time:  59.907 s
[INFO] Finished at: 2026-07-03T13:58:26+03:00
[INFO] ------------------------------------------------------------------------
[ERROR] Failed to execute goal org.springframework.boot:spring-boot-maven-plugin:4.1.0:run (default-cli) on project eggland: Process terminated with exit code: -1 -> [Help 1]
[ERROR] 
[ERROR] To see the full stack trace of the errors, re-run Maven with the -e switch.
[ERROR] Re-run Maven using the -X switch to enable full debug logging.
[ERROR] 
[ERROR] For more information about the errors and possible solutions, please read the following articles:
[ERROR] [Help 1] http://cwiki.apache.org/confluence/display/MAVEN/MojoExecutionException
